# JRE version: Java(TM) SE Runtime Environment (8.0_05-b13) (build 1.8.0_05-b13)
# Java VM: Java HotSpot(TM) 64-Bit Server VM (25.5-b02 mixed mode windows-amd64 compressed oops)
Heap:
 def new generation   total 1152K, used 448K [0x00000000a2400000, 0x00000000a2540000, 0x00000000c1800000)
  eden space 1024K,  31% used [0x00000000a2400000, 0x00000000a2450038, 0x00000000a2500000)
  from space 128K,  99% used [0x00000000a2500000, 0x00000000a251fff8, 0x00000000a2520000)
  to   space 128K,   0% used [0x00000000a2520000, 0x00000000a2520000, 0x00000000a2540000)
 tenured generation   total 129792K, used 12678K [0x00000000c1800000, 0x00000000c96c0000, 0x0000000100000000)
   the space 129792K,   9% used [0x00000000c1800000, 0x00000000c2461ba8, 0x00000000c2461c00, 0x00000000c96c0000)
 Metaspace       used 8306K, capacity 8588K, committed 8704K, reserved 1056768K
  class space    used 910K, capacity 964K, committed 1024K, reserved 1048576K
GC Heap History (10 events):
Event: 0.825 GC heap before
{Heap before GC invocations=42 (full 0):
 def new generation   total 1152K, used 1151K [0x00000000a2400000, 0x00000000a2540000, 0x00000000c1800000)
  eden space 1024K, 100% used [0x00000000a2400000, 0x00000000a2500000, 0x00000000a2500000)
  from space 128K,  99% used [0x00000000a2500000, 0x00000000a251fef8, 0x00000000a2520000)
  to   space 128K,   0% used [0x00000000a2520000, 0x00000000a2520000, 0x00000000a2540000)
 tenured generation   total 129792K, used 11825K [0x00000000c1800000, 0x00000000c96c0000, 0x0000000100000000)
   the space 129792K,   9% used [0x00000000c1800000, 0x00000000c238c418, 0x00000000c238c600, 0x00000000c96c0000)
 Metaspace       used 8258K, capacity 8460K, committed 8704K, reserved 1056768K
  class space    used 908K, capacity 964K, committed 1024K, reserved 1048576K
Event: 0.827 GC heap after
Heap after GC invocations=43 (full 0):
 def new generation   total 1152K, used 128K [0x00000000a2400000, 0x00000000a2540000, 0x00000000c1800000)
  eden space 1024K,   0% used [0x00000000a2400000, 0x00000000a2400000, 0x00000000a2500000)
  from space 128K, 100% used [0x00000000a2520000, 0x00000000a2540000, 0x00000000a2540000)
  to   space 128K,   0% used [0x00000000a2500000, 0x00000000a2500000, 0x00000000a2520000)
 tenured generation   total 129792K, used 11961K [0x00000000c1800000, 0x00000000c96c0000, 0x0000000100000000)
   the space 129792K,   9% used [0x00000000c1800000, 0x00000000c23ae728, 0x00000000c23ae800, 0x00000000c96c0000)
 Metaspace       used 8258K, capacity 8460K, committed 8704K, reserved 1056768K
  class space    used 908K, capacity 964K, committed 1024K, reserved 1048576K
}
Event: 0.839 GC heap before
{Heap before GC invocations=43 (full 0):
 def new generation   total 1152K, used 1152K [0x00000000a2400000, 0x00000000a2540000, 0x00000000c1800000)
  eden space 1024K, 100% used [0x00000000a2400000, 0x00000000a2500000, 0x00000000a2500000)
  from space 128K, 100% used [0x00000000a2520000, 0x00000000a2540000, 0x00000000a2540000)
  to   space 128K,   0% used [0x00000000a2500000, 0x00000000a2500000, 0x00000000a2520000)
 tenured generation   total 129792K, used 11961K [0x00000000c1800000, 0x00000000c96c0000, 0x0000000100000000)
   the space 129792K,   9% used [0x00000000c1800000, 0x00000000c23ae728, 0x00000000c23ae800, 0x00000000c96c0000)
 Metaspace       used 8272K, capacity 8524K, committed 8704K, reserved 1056768K
  class space    used 908K, capacity 964K, committed 1024K, reserved 1048576K
Event: 0.840 GC heap after
Heap after GC invocations=44 (full 0):
 def new generation   total 1152K, used 128K [0x00000000a2400000, 0x00000000a2540000, 0x00000000c1800000)
  eden space 1024K,   0% used [0x00000000a2400000, 0x00000000a2400000, 0x00000000a2500000)
  from space 128K, 100% used [0x00000000a2500000, 0x00000000a2520000, 0x00000000a2520000)
  to   space 128K,   0% used [0x00000000a2520000, 0x00000000a2520000, 0x00000000a2540000)
 tenured generation   total 129792K, used 12098K [0x00000000c1800000, 0x00000000c96c0000, 0x0000000100000000)
   the space 129792K,   9% used [0x00000000c1800000, 0x00000000c23d08b0, 0x00000000c23d0a00, 0x00000000c96c0000)
 Metaspace       used 8272K, capacity 8524K, committed 8704K, reserved 1056768K
  class space    used 908K, capacity 964K, committed 1024K, reserved 1048576K
}
Event: 0.853 GC heap before
{Heap before GC invocations=44 (full 0):
 def new generation   total 1152K, used 1152K [0x00000000a2400000, 0x00000000a2540000, 0x00000000c1800000)
  eden space 1024K, 100% used [0x00000000a2400000, 0x00000000a2500000, 0x00000000a2500000)
  from space 128K, 100% used [0x00000000a2500000, 0x00000000a2520000, 0x00000000a2520000)
  to   space 128K,   0% used [0x00000000a2520000, 0x00000000a2520000, 0x00000000a2540000)
 tenured generation   total 129792K, used 12098K [0x00000000c1800000, 0x00000000c96c0000, 0x0000000100000000)
   the space 129792K,   9% used [0x00000000c1800000, 0x00000000c23d08b0, 0x00000000c23d0a00, 0x00000000c96c0000)
 Metaspace       used 8292K, capacity 8588K, committed 8704K, reserved 1056768K
  class space    used 910K, capacity 964K, committed 1024K, reserved 1048576K
Event: 0.854 GC heap after
Heap after GC invocations=45 (full 0):
 def new generation   total 1152K, used 128K [0x00000000a2400000, 0x00000000a2540000, 0x00000000c1800000)
  eden space 1024K,   0% used [0x00000000a2400000, 0x00000000a2400000, 0x00000000a2500000)
  from space 128K, 100% used [0x00000000a2520000, 0x00000000a2540000, 0x00000000a2540000)
  to   space 128K,   0% used [0x00000000a2500000, 0x00000000a2500000, 0x00000000a2520000)
 tenured generation   total 129792K, used 12245K [0x00000000c1800000, 0x00000000c96c0000, 0x0000000100000000)
   the space 129792K,   9% used [0x00000000c1800000, 0x00000000c23f5558, 0x00000000c23f5600, 0x00000000c96c0000)
 Metaspace       used 8292K, capacity 8588K, committed 8704K, reserved 1056768K
  class space    used 910K, capacity 964K, committed 1024K, reserved 1048576K
}
Event: 0.862 GC heap before
{Heap before GC invocations=45 (full 0):
 def new generation   total 1152K, used 1152K [0x00000000a2400000, 0x00000000a2540000, 0x00000000c1800000)
  eden space 1024K, 100% used [0x00000000a2400000, 0x00000000a2500000, 0x00000000a2500000)
  from space 128K, 100% used [0x00000000a2520000, 0x00000000a2540000, 0x00000000a2540000)
  to   space 128K,   0% used [0x00000000a2500000, 0x00000000a2500000, 0x00000000a2520000)
 tenured generation   total 129792K, used 12245K [0x00000000c1800000, 0x00000000c96c0000, 0x0000000100000000)
   the space 129792K,   9% used [0x00000000c1800000, 0x00000000c23f5558, 0x00000000c23f5600, 0x00000000c96c0000)
 Metaspace       used 8303K, capacity 8588K, committed 8704K, reserved 1056768K
  class space    used 910K, capacity 964K, committed 1024K, reserved 1048576K
Event: 0.863 GC heap after
Heap after GC invocations=46 (full 0):
 def new generation   total 1152K, used 128K [0x00000000a2400000, 0x00000000a2540000, 0x00000000c1800000)
  eden space 1024K,   0% used [0x00000000a2400000, 0x00000000a2400000, 0x00000000a2500000)
  from space 128K, 100% used [0x00000000a2500000, 0x00000000a2520000, 0x00000000a2520000)
  to   space 128K,   0% used [0x00000000a2520000, 0x00000000a2520000, 0x00000000a2540000)
 tenured generation   total 129792K, used 12395K [0x00000000c1800000, 0x00000000c96c0000, 0x0000000100000000)
   the space 129792K,   9% used [0x00000000c1800000, 0x00000000c241ad98, 0x00000000c241ae00, 0x00000000c96c0000)
 Metaspace       used 8303K, capacity 8588K, committed 8704K, reserved 1056768K
  class space    used 910K, capacity 964K, committed 1024K, reserved 1048576K
}
Event: 0.874 GC heap before
{Heap before GC invocations=46 (full 0):
 def new generation   total 1152K, used 1152K [0x00000000a2400000, 0x00000000a2540000, 0x00000000c1800000)
  eden space 1024K, 100% used [0x00000000a2400000, 0x00000000a2500000, 0x00000000a2500000)
  from space 128K, 100% used [0x00000000a2500000, 0x00000000a2520000, 0x00000000a2520000)
  to   space 128K,   0% used [0x00000000a2520000, 0x00000000a2520000, 0x00000000a2540000)
 tenured generation   total 129792K, used 12395K [0x00000000c1800000, 0x00000000c96c0000, 0x0000000100000000)
   the space 129792K,   9% used [0x00000000c1800000, 0x00000000c241ad98, 0x00000000c241ae00, 0x00000000c96c0000)
 Metaspace       used 8306K, capacity 8588K, committed 8704K, reserved 1056768K
  class space    used 910K, capacity 964K, committed 1024K, reserved 1048576K
Event: 0.875 GC heap after
Heap after GC invocations=47 (full 0):
 def new generation   total 1152K, used 128K [0x00000000a2400000, 0x00000000a2540000, 0x00000000c1800000)
  eden space 1024K,   0% used [0x00000000a2400000, 0x00000000a2400000, 0x00000000a2500000)
  from space 128K, 100% used [0x00000000a2520000, 0x00000000a2540000, 0x00000000a2540000)
  to   space 128K,   0% used [0x00000000a2500000, 0x00000000a2500000, 0x00000000a2520000)
 tenured generation   total 129792K, used 12537K [0x00000000c1800000, 0x00000000c96c0000, 0x0000000100000000)
   the space 129792K,   9% used [0x00000000c1800000, 0x00000000c243e598, 0x00000000c243e600, 0x00000000c96c0000)
 Metaspace       used 8306K, capacity 8588K, committed 8704K, reserved 1056768K
  class space    used 910K, capacity 964K, committed 1024K, reserved 1048576K
}

