# JRE version: Java(TM) SE Runtime Environment (8.0_05-b13) (build 1.8.0_05-b13)
# Java VM: Java HotSpot(TM) 64-Bit Server VM (25.5-b02 mixed mode windows-amd64 compressed oops)
Heap:
 def new generation   total 1152K, used 998K [0x00000000a2400000, 0x00000000a2540000, 0x00000000c1800000)
  eden space 1024K,  87% used [0x00000000a2400000, 0x00000000a24df038, 0x00000000a2500000)
  from space 128K,  82% used [0x00000000a2500000, 0x00000000a251a8d8, 0x00000000a2520000)
  to   space 128K,   0% used [0x00000000a2520000, 0x00000000a2520000, 0x00000000a2540000)
 tenured generation   total 129792K, used 15069K [0x00000000c1800000, 0x00000000c96c0000, 0x0000000100000000)
   the space 129792K,  11% used [0x00000000c1800000, 0x00000000c26b77c0, 0x00000000c26b7800, 0x00000000c96c0000)
 Metaspace       used 8297K, capacity 8588K, committed 8704K, reserved 1056768K
  class space    used 911K, capacity 964K, committed 1024K, reserved 1048576K
GC Heap History (10 events):
Event: 0.811 GC heap before
{Heap before GC invocations=63 (full 0):
 def new generation   total 1152K, used 1120K [0x00000000a2400000, 0x00000000a2540000, 0x00000000c1800000)
  eden space 1024K, 100% used [0x00000000a2400000, 0x00000000a2500000, 0x00000000a2500000)
  from space 128K,  75% used [0x00000000a2520000, 0x00000000a25380c0, 0x00000000a2540000)
  to   space 128K,   0% used [0x00000000a2500000, 0x00000000a2500000, 0x00000000a2520000)
 tenured generation   total 129792K, used 14574K [0x00000000c1800000, 0x00000000c96c0000, 0x0000000100000000)
   the space 129792K,  11% used [0x00000000c1800000, 0x00000000c263b9c8, 0x00000000c263ba00, 0x00000000c96c0000)
 Metaspace       used 8294K, capacity 8524K, committed 8704K, reserved 1056768K
  class space    used 911K, capacity 964K, committed 1024K, reserved 1048576K
Event: 0.812 GC heap after
Heap after GC invocations=64 (full 0):
 def new generation   total 1152K, used 109K [0x00000000a2400000, 0x00000000a2540000, 0x00000000c1800000)
  eden space 1024K,   0% used [0x00000000a2400000, 0x00000000a2400000, 0x00000000a2500000)
  from space 128K,  85% used [0x00000000a2500000, 0x00000000a251b7e0, 0x00000000a2520000)
  to   space 128K,   0% used [0x00000000a2520000, 0x00000000a2520000, 0x00000000a2540000)
 tenured generation   total 129792K, used 14665K [0x00000000c1800000, 0x00000000c96c0000, 0x0000000100000000)
   the space 129792K,  11% used [0x00000000c1800000, 0x00000000c26524c0, 0x00000000c2652600, 0x00000000c96c0000)
 Metaspace       used 8294K, capacity 8524K, committed 8704K, reserved 1056768K
  class space    used 911K, capacity 964K, committed 1024K, reserved 1048576K
}
Event: 0.816 GC heap before
{Heap before GC invocations=64 (full 0):
 def new generation   total 1152K, used 1133K [0x00000000a2400000, 0x00000000a2540000, 0x00000000c1800000)
  eden space 1024K, 100% used [0x00000000a2400000, 0x00000000a2500000, 0x00000000a2500000)
  from space 128K,  85% used [0x00000000a2500000, 0x00000000a251b7e0, 0x00000000a2520000)
  to   space 128K,   0% used [0x00000000a2520000, 0x00000000a2520000, 0x00000000a2540000)
 tenured generation   total 129792K, used 14665K [0x00000000c1800000, 0x00000000c96c0000, 0x0000000100000000)
   the space 129792K,  11% used [0x00000000c1800000, 0x00000000c26524c0, 0x00000000c2652600, 0x00000000c96c0000)
 Metaspace       used 8296K, capacity 8588K, committed 8704K, reserved 1056768K
  class space    used 911K, capacity 964K, committed 1024K, reserved 1048576K
Event: 0.817 GC heap after
Heap after GC invocations=65 (full 0):
 def new generation   total 1152K, used 98K [0x00000000a2400000, 0x00000000a2540000, 0x00000000c1800000)
  eden space 1024K,   0% used [0x00000000a2400000, 0x00000000a2400000, 0x00000000a2500000)
  from space 128K,  77% used [0x00000000a2520000, 0x00000000a2538bb8, 0x00000000a2540000)
  to   space 128K,   0% used [0x00000000a2500000, 0x00000000a2500000, 0x00000000a2520000)
 tenured generation   total 129792K, used 14767K [0x00000000c1800000, 0x00000000c96c0000, 0x0000000100000000)
   the space 129792K,  11% used [0x00000000c1800000, 0x00000000c266bfe0, 0x00000000c266c000, 0x00000000c96c0000)
 Metaspace       used 8296K, capacity 8588K, committed 8704K, reserved 1056768K
  class space    used 911K, capacity 964K, committed 1024K, reserved 1048576K
}
Event: 0.820 GC heap before
{Heap before GC invocations=65 (full 0):
 def new generation   total 1152K, used 1122K [0x00000000a2400000, 0x00000000a2540000, 0x00000000c1800000)
  eden space 1024K, 100% used [0x00000000a2400000, 0x00000000a2500000, 0x00000000a2500000)
  from space 128K,  77% used [0x00000000a2520000, 0x00000000a2538bb8, 0x00000000a2540000)
  to   space 128K,   0% used [0x00000000a2500000, 0x00000000a2500000, 0x00000000a2520000)
 tenured generation   total 129792K, used 14767K [0x00000000c1800000, 0x00000000c96c0000, 0x0000000100000000)
   the space 129792K,  11% used [0x00000000c1800000, 0x00000000c266bfe0, 0x00000000c266c000, 0x00000000c96c0000)
 Metaspace       used 8296K, capacity 8588K, committed 8704K, reserved 1056768K
  class space    used 911K, capacity 964K, committed 1024K, reserved 1048576K
Event: 0.821 GC heap after
Heap after GC invocations=66 (full 0):
 def new generation   total 1152K, used 109K [0x00000000a2400000, 0x00000000a2540000, 0x00000000c1800000)
  eden space 1024K,   0% used [0x00000000a2400000, 0x00000000a2400000, 0x00000000a2500000)
  from space 128K,  85% used [0x00000000a2500000, 0x00000000a251b608, 0x00000000a2520000)
  to   space 128K,   0% used [0x00000000a2520000, 0x00000000a2520000, 0x00000000a2540000)
 tenured generation   total 129792K, used 14861K [0x00000000c1800000, 0x00000000c96c0000, 0x0000000100000000)
   the space 129792K,  11% used [0x00000000c1800000, 0x00000000c2683488, 0x00000000c2683600, 0x00000000c96c0000)
 Metaspace       used 8296K, capacity 8588K, committed 8704K, reserved 1056768K
  class space    used 911K, capacity 964K, committed 1024K, reserved 1048576K
}
Event: 0.826 GC heap before
{Heap before GC invocations=66 (full 0):
 def new generation   total 1152K, used 1133K [0x00000000a2400000, 0x00000000a2540000, 0x00000000c1800000)
  eden space 1024K, 100% used [0x00000000a2400000, 0x00000000a2500000, 0x00000000a2500000)
  from space 128K,  85% used [0x00000000a2500000, 0x00000000a251b608, 0x00000000a2520000)
  to   space 128K,   0% used [0x00000000a2520000, 0x00000000a2520000, 0x00000000a2540000)
 tenured generation   total 129792K, used 14861K [0x00000000c1800000, 0x00000000c96c0000, 0x0000000100000000)
   the space 129792K,  11% used [0x00000000c1800000, 0x00000000c2683488, 0x00000000c2683600, 0x00000000c96c0000)
 Metaspace       used 8296K, capacity 8588K, committed 8704K, reserved 1056768K
  class space    used 911K, capacity 964K, committed 1024K, reserved 1048576K
Event: 0.828 GC heap after
Heap after GC invocations=67 (full 0):
 def new generation   total 1152K, used 111K [0x00000000a2400000, 0x00000000a2540000, 0x00000000c1800000)
  eden space 1024K,   0% used [0x00000000a2400000, 0x00000000a2400000, 0x00000000a2500000)
  from space 128K,  87% used [0x00000000a2520000, 0x00000000a253be90, 0x00000000a2540000)
  to   space 128K,   0% used [0x00000000a2500000, 0x00000000a2500000, 0x00000000a2520000)
 tenured generation   total 129792K, used 14964K [0x00000000c1800000, 0x00000000c96c0000, 0x0000000100000000)
   the space 129792K,  11% used [0x00000000c1800000, 0x00000000c269d1b8, 0x00000000c269d200, 0x00000000c96c0000)
 Metaspace       used 8296K, capacity 8588K, committed 8704K, reserved 1056768K
  class space    used 911K, capacity 964K, committed 1024K, reserved 1048576K
}
Event: 0.832 GC heap before
{Heap before GC invocations=67 (full 0):
 def new generation   total 1152K, used 1135K [0x00000000a2400000, 0x00000000a2540000, 0x00000000c1800000)
  eden space 1024K, 100% used [0x00000000a2400000, 0x00000000a2500000, 0x00000000a2500000)
  from space 128K,  87% used [0x00000000a2520000, 0x00000000a253be90, 0x00000000a2540000)
  to   space 128K,   0% used [0x00000000a2500000, 0x00000000a2500000, 0x00000000a2520000)
 tenured generation   total 129792K, used 14964K [0x00000000c1800000, 0x00000000c96c0000, 0x0000000100000000)
   the space 129792K,  11% used [0x00000000c1800000, 0x00000000c269d1b8, 0x00000000c269d200, 0x00000000c96c0000)
 Metaspace       used 8296K, capacity 8588K, committed 8704K, reserved 1056768K
  class space    used 911K, capacity 964K, committed 1024K, reserved 1048576K
Event: 0.834 GC heap after
Heap after GC invocations=68 (full 0):
 def new generation   total 1152K, used 106K [0x00000000a2400000, 0x00000000a2540000, 0x00000000c1800000)
  eden space 1024K,   0% used [0x00000000a2400000, 0x00000000a2400000, 0x00000000a2500000)
  from space 128K,  82% used [0x00000000a2500000, 0x00000000a251a8d8, 0x00000000a2520000)
  to   space 128K,   0% used [0x00000000a2520000, 0x00000000a2520000, 0x00000000a2540000)
 tenured generation   total 129792K, used 15069K [0x00000000c1800000, 0x00000000c96c0000, 0x0000000100000000)
   the space 129792K,  11% used [0x00000000c1800000, 0x00000000c26b77c0, 0x00000000c26b7800, 0x00000000c96c0000)
 Metaspace       used 8296K, capacity 8588K, committed 8704K, reserved 1056768K
  class space    used 911K, capacity 964K, committed 1024K, reserved 1048576K
}

